ERROR - 2023-06-11 14:59:54 --> Error connecting to the database: mysqli_sql_exception: Access denied for user ''@'localhost' (using password: NO) in C:\xampp\htdocs\repo-ht\zproject-ht\RPL-PWL\account\ci4-account\system\Database\MySQLi\Connection.php:174
Stack trace:
#0 C:\xampp\htdocs\repo-ht\zproject-ht\RPL-PWL\account\ci4-account\system\Database\MySQLi\Connection.php(174): mysqli->real_connect('localhost', '', '', '', 3306, '', 0)
#1 C:\xampp\htdocs\repo-ht\zproject-ht\RPL-PWL\account\ci4-account\system\Database\BaseConnection.php(391): CodeIgniter\Database\MySQLi\Connection->connect(false)
#2 C:\xampp\htdocs\repo-ht\zproject-ht\RPL-PWL\account\ci4-account\system\Database\BaseConnection.php(574): CodeIgniter\Database\BaseConnection->initialize()
#3 C:\xampp\htdocs\repo-ht\zproject-ht\RPL-PWL\account\ci4-account\system\Database\BaseConnection.php(1409): CodeIgniter\Database\BaseConnection->query('SHOW TABLES FRO...')
#4 C:\xampp\htdocs\repo-ht\zproject-ht\RPL-PWL\account\ci4-account\system\Database\BaseConnection.php(1428): CodeIgniter\Database\BaseConnection->listTables()
#5 C:\xampp\htdocs\repo-ht\zproject-ht\RPL-PWL\account\ci4-account\system\Database\MigrationRunner.php(768): CodeIgniter\Database\BaseConnection->tableExists('migrations')
#6 C:\xampp\htdocs\repo-ht\zproject-ht\RPL-PWL\account\ci4-account\system\Database\MigrationRunner.php(168): CodeIgniter\Database\MigrationRunner->ensureTable()
#7 C:\xampp\htdocs\repo-ht\zproject-ht\RPL-PWL\account\ci4-account\system\Commands\Database\Migrate.php(84): CodeIgniter\Database\MigrationRunner->latest(NULL)
#8 C:\xampp\htdocs\repo-ht\zproject-ht\RPL-PWL\account\ci4-account\system\CLI\Commands.php(65): CodeIgniter\Commands\Database\Migrate->run(Array)
#9 C:\xampp\htdocs\repo-ht\zproject-ht\RPL-PWL\account\ci4-account\system\CLI\Console.php(37): CodeIgniter\CLI\Commands->run('migrate', Array)
#10 C:\xampp\htdocs\repo-ht\zproject-ht\RPL-PWL\account\ci4-account\spark(97): CodeIgniter\CLI\Console->run()
#11 {main}

Next CodeIgniter\Database\Exceptions\DatabaseException: Access denied for user ''@'localhost' (using password: NO) in C:\xampp\htdocs\repo-ht\zproject-ht\RPL-PWL\account\ci4-account\system\Database\MySQLi\Connection.php:218
Stack trace:
#0 C:\xampp\htdocs\repo-ht\zproject-ht\RPL-PWL\account\ci4-account\system\Database\BaseConnection.php(391): CodeIgniter\Database\MySQLi\Connection->connect(false)
#1 C:\xampp\htdocs\repo-ht\zproject-ht\RPL-PWL\account\ci4-account\system\Database\BaseConnection.php(574): CodeIgniter\Database\BaseConnection->initialize()
#2 C:\xampp\htdocs\repo-ht\zproject-ht\RPL-PWL\account\ci4-account\system\Database\BaseConnection.php(1409): CodeIgniter\Database\BaseConnection->query('SHOW TABLES FRO...')
#3 C:\xampp\htdocs\repo-ht\zproject-ht\RPL-PWL\account\ci4-account\system\Database\BaseConnection.php(1428): CodeIgniter\Database\BaseConnection->listTables()
#4 C:\xampp\htdocs\repo-ht\zproject-ht\RPL-PWL\account\ci4-account\system\Database\MigrationRunner.php(768): CodeIgniter\Database\BaseConnection->tableExists('migrations')
#5 C:\xampp\htdocs\repo-ht\zproject-ht\RPL-PWL\account\ci4-account\system\Database\MigrationRunner.php(168): CodeIgniter\Database\MigrationRunner->ensureTable()
#6 C:\xampp\htdocs\repo-ht\zproject-ht\RPL-PWL\account\ci4-account\system\Commands\Database\Migrate.php(84): CodeIgniter\Database\MigrationRunner->latest(NULL)
#7 C:\xampp\htdocs\repo-ht\zproject-ht\RPL-PWL\account\ci4-account\system\CLI\Commands.php(65): CodeIgniter\Commands\Database\Migrate->run(Array)
#8 C:\xampp\htdocs\repo-ht\zproject-ht\RPL-PWL\account\ci4-account\system\CLI\Console.php(37): CodeIgniter\CLI\Commands->run('migrate', Array)
#9 C:\xampp\htdocs\repo-ht\zproject-ht\RPL-PWL\account\ci4-account\spark(97): CodeIgniter\CLI\Console->run()
#10 {main}
